-------------------------------------------------------------------------------
Test set: com.example.demo.Ativ5ApplicationTests
-------------------------------------------------------------------------------
Tests run: 1, Failures: 0, Errors: 1, Skipped: 0, Time elapsed: 16.091 s <<< FAILURE! - in com.example.demo.Ativ5ApplicationTests
contextLoads  Time elapsed: 0.047 s  <<< ERROR!
java.lang.IllegalStateException: Failed to load ApplicationContext
Caused by: org.springframework.beans.factory.UnsatisfiedDependencyException: Error creating bean with name 'demo' defined in com.example.demo.Ativ5Application: Unsatisfied dependency expressed through method 'demo' parameter 0; nested exception is org.springframework.beans.factory.NoSuchBeanDefinitionException: No qualifying bean of type 'com.example.service.DepartamentoService' available: expected at least 1 bean which qualifies as autowire candidate. Dependency annotations: {}
Caused by: org.springframework.beans.factory.NoSuchBeanDefinitionException: No qualifying bean of type 'com.example.service.DepartamentoService' available: expected at least 1 bean which qualifies as autowire candidate. Dependency annotations: {}

